[35m[1mScanning dependencies of target _niryo_moveit_generate_messages_check_deps_NiryoMoveitJoints[0m
[35m[1mScanning dependencies of target _niryo_moveit_generate_messages_check_deps_MoverService[0m
[35m[1mScanning dependencies of target _niryo_moveit_generate_messages_check_deps_NiryoTrajectory[0m
[  0%] Built target _niryo_moveit_generate_messages_check_deps_NiryoMoveitJoints
[  0%] Built target _niryo_moveit_generate_messages_check_deps_MoverService
[35m[1mScanning dependencies of target moveit_msgs_generate_messages_eus[0m
[35m[1mScanning dependencies of target sensor_msgs_generate_messages_eus[0m
[  0%] Built target moveit_msgs_generate_messages_eus
[  0%] Built target sensor_msgs_generate_messages_eus
[35m[1mScanning dependencies of target geometry_msgs_generate_messages_eus[0m
[35m[1mScanning dependencies of target std_msgs_generate_messages_eus[0m
[  0%] Built target geometry_msgs_generate_messages_eus
[  0%] Built target _niryo_moveit_generate_messages_check_deps_NiryoTrajectory
[  0%] Built target std_msgs_generate_messages_eus
[35m[1mScanning dependencies of target moveit_msgs_generate_messages_py[0m
[35m[1mScanning dependencies of target geometry_msgs_generate_messages_py[0m
[35m[1mScanning dependencies of target sensor_msgs_generate_messages_py[0m
[  0%] Built target moveit_msgs_generate_messages_py
[  0%] Built target geometry_msgs_generate_messages_py
[  0%] Built target sensor_msgs_generate_messages_py
[35m[1mScanning dependencies of target std_msgs_generate_messages_py[0m
[35m[1mScanning dependencies of target moveit_msgs_generate_messages_nodejs[0m
[35m[1mScanning dependencies of target sensor_msgs_generate_messages_nodejs[0m
[  0%] Built target std_msgs_generate_messages_py
[  0%] Built target moveit_msgs_generate_messages_nodejs
[  0%] Built target sensor_msgs_generate_messages_nodejs
[35m[1mScanning dependencies of target std_msgs_generate_messages_nodejs[0m
[35m[1mScanning dependencies of target geometry_msgs_generate_messages_nodejs[0m
[  0%] Built target std_msgs_generate_messages_nodejs
[  0%] Built target geometry_msgs_generate_messages_nodejs
[35m[1mScanning dependencies of target geometry_msgs_generate_messages_cpp[0m
[35m[1mScanning dependencies of target moveit_msgs_generate_messages_cpp[0m
[  0%] Built target geometry_msgs_generate_messages_cpp
[  0%] Built target moveit_msgs_generate_messages_cpp
[35m[1mScanning dependencies of target std_msgs_generate_messages_cpp[0m
[  0%] Built target std_msgs_generate_messages_cpp
[35m[1mScanning dependencies of target sensor_msgs_generate_messages_cpp[0m
[  0%] Built target sensor_msgs_generate_messages_cpp
[35m[1mScanning dependencies of target moveit_msgs_generate_messages_lisp[0m
[  0%] Built target moveit_msgs_generate_messages_lisp
[35m[1mScanning dependencies of target std_msgs_generate_messages_lisp[0m
[  0%] Built target std_msgs_generate_messages_lisp
[35m[1mScanning dependencies of target sensor_msgs_generate_messages_lisp[0m
[  0%] Built target sensor_msgs_generate_messages_lisp
[35m[1mScanning dependencies of target geometry_msgs_generate_messages_lisp[0m
[35m[1mScanning dependencies of target niryo_moveit_generate_messages_eus[0m
[  0%] Built target geometry_msgs_generate_messages_lisp
[35m[1mScanning dependencies of target niryo_moveit_generate_messages_py[0m
[  5%] [34m[1mGenerating EusLisp code from niryo_moveit/NiryoMoveitJoints.msg[0m
[35m[1mScanning dependencies of target niryo_moveit_generate_messages_nodejs[0m
[ 11%] [34m[1mGenerating Python from MSG niryo_moveit/NiryoMoveitJoints[0m
[ 16%] [34m[1mGenerating Javascript code from niryo_moveit/NiryoMoveitJoints.msg[0m
[ 22%] [34m[1mGenerating Javascript code from niryo_moveit/NiryoTrajectory.msg[0m
[ 27%] [34m[1mGenerating EusLisp code from niryo_moveit/NiryoTrajectory.msg[0m
[ 33%] [34m[1mGenerating Javascript code from niryo_moveit/MoverService.srv[0m
[ 33%] Built target niryo_moveit_generate_messages_nodejs
[ 38%] [34m[1mGenerating EusLisp code from niryo_moveit/MoverService.srv[0m
[35m[1mScanning dependencies of target niryo_moveit_generate_messages_cpp[0m
[ 44%] [34m[1mGenerating C++ code from niryo_moveit/NiryoMoveitJoints.msg[0m
[ 50%] [34m[1mGenerating Python from MSG niryo_moveit/NiryoTrajectory[0m
[ 55%] [34m[1mGenerating EusLisp manifest code for niryo_moveit[0m
[ 61%] [34m[1mGenerating C++ code from niryo_moveit/NiryoTrajectory.msg[0m
[ 66%] [34m[1mGenerating Python code from SRV niryo_moveit/MoverService[0m
[ 72%] [34m[1mGenerating C++ code from niryo_moveit/MoverService.srv[0m
[ 77%] [34m[1mGenerating Python msg __init__.py for niryo_moveit[0m
[ 77%] Built target niryo_moveit_generate_messages_cpp
[35m[1mScanning dependencies of target niryo_moveit_generate_messages_lisp[0m
[ 83%] [34m[1mGenerating Lisp code from niryo_moveit/NiryoMoveitJoints.msg[0m
[ 88%] [34m[1mGenerating Lisp code from niryo_moveit/NiryoTrajectory.msg[0m
[ 94%] [34m[1mGenerating Python srv __init__.py for niryo_moveit[0m
[100%] [34m[1mGenerating Lisp code from niryo_moveit/MoverService.srv[0m
[100%] Built target niryo_moveit_generate_messages_lisp
[100%] Built target niryo_moveit_generate_messages_py
[100%] Built target niryo_moveit_generate_messages_eus
[35m[1mScanning dependencies of target niryo_moveit_generate_messages[0m
[100%] Built target niryo_moveit_generate_messages
